# JRE version: OpenJDK Runtime Environment (11.0.13) (build 11.0.13+0-b1751.21-8125866)
# Java VM: OpenJDK 64-Bit Server VM (11.0.13+0-b1751.21-8125866, mixed mode, tiered, compressed oops, g1 gc, windows-amd64)
Heap:
 garbage-first heap   total 286720K, used 182436K [0x0000000080000000, 0x0000000100000000)
  region size 1024K, 37 young (37888K), 10 survivors (10240K)
 Metaspace       used 109851K, capacity 114045K, committed 114260K, reserved 1148928K
  class space    used 14200K, capacity 15633K, committed 15692K, reserved 1048576K
GC Heap History (20 events):
Event: 71.336 GC heap before
{Heap before GC invocations=21 (full 0):
 garbage-first heap   total 262144K, used 138648K [0x0000000080000000, 0x0000000100000000)
  region size 1024K, 23 young (23552K), 12 survivors (12288K)
 Metaspace       used 105576K, capacity 109648K, committed 109908K, reserved 1144832K
  class space    used 13807K, capacity 15166K, committed 15180K, reserved 1048576K
}
Event: 71.354 GC heap after
{Heap after GC invocations=22 (full 0):
 garbage-first heap   total 262144K, used 130769K [0x0000000080000000, 0x0000000100000000)
  region size 1024K, 3 young (3072K), 3 survivors (3072K)
 Metaspace       used 105576K, capacity 109648K, committed 109908K, reserved 1144832K
  class space    used 13807K, capacity 15166K, committed 15180K, reserved 1048576K
}
Event: 72.252 GC heap before
{Heap before GC invocations=23 (full 0):
 garbage-first heap   total 262144K, used 259793K [0x0000000080000000, 0x0000000100000000)
  region size 1024K, 50 young (51200K), 3 survivors (3072K)
 Metaspace       used 105749K, capacity 109753K, committed 110036K, reserved 1144832K
  class space    used 13822K, capacity 15199K, committed 15308K, reserved 1048576K
}
Event: 72.262 GC heap after
{Heap after GC invocations=24 (full 0):
 garbage-first heap   total 266240K, used 213957K [0x0000000080000000, 0x0000000100000000)
  region size 1024K, 4 young (4096K), 4 survivors (4096K)
 Metaspace       used 105749K, capacity 109753K, committed 110036K, reserved 1144832K
  class space    used 13822K, capacity 15199K, committed 15308K, reserved 1048576K
}
Event: 72.564 GC heap before
{Heap before GC invocations=24 (full 0):
 garbage-first heap   total 266240K, used 231365K [0x0000000080000000, 0x0000000100000000)
  region size 1024K, 23 young (23552K), 4 survivors (4096K)
 Metaspace       used 105834K, capacity 109849K, committed 110036K, reserved 1144832K
  class space    used 13825K, capacity 15204K, committed 15308K, reserved 1048576K
}
Event: 72.576 GC heap after
{Heap after GC invocations=25 (full 0):
 garbage-first heap   total 266240K, used 215143K [0x0000000080000000, 0x0000000100000000)
  region size 1024K, 2 young (2048K), 2 survivors (2048K)
 Metaspace       used 105834K, capacity 109849K, committed 110036K, reserved 1144832K
  class space    used 13825K, capacity 15204K, committed 15308K, reserved 1048576K
}
Event: 73.208 GC heap before
{Heap before GC invocations=26 (full 0):
 garbage-first heap   total 266240K, used 233575K [0x0000000080000000, 0x0000000100000000)
  region size 1024K, 21 young (21504K), 2 survivors (2048K)
 Metaspace       used 105714K, capacity 109523K, committed 110036K, reserved 1144832K
  class space    used 13758K, capacity 15069K, committed 15308K, reserved 1048576K
}
Event: 73.214 GC heap after
{Heap after GC invocations=27 (full 0):
 garbage-first heap   total 266240K, used 215690K [0x0000000080000000, 0x0000000100000000)
  region size 1024K, 2 young (2048K), 2 survivors (2048K)
 Metaspace       used 105714K, capacity 109523K, committed 110036K, reserved 1144832K
  class space    used 13758K, capacity 15069K, committed 15308K, reserved 1048576K
}
Event: 74.340 GC heap before
{Heap before GC invocations=27 (full 0):
 garbage-first heap   total 266240K, used 233098K [0x0000000080000000, 0x0000000100000000)
  region size 1024K, 20 young (20480K), 2 survivors (2048K)
 Metaspace       used 106216K, capacity 110090K, committed 110548K, reserved 1144832K
  class space    used 13799K, capacity 15107K, committed 15308K, reserved 1048576K
}
Event: 74.351 GC heap after
{Heap after GC invocations=28 (full 0):
 garbage-first heap   total 266240K, used 218098K [0x0000000080000000, 0x0000000100000000)
  region size 1024K, 3 young (3072K), 3 survivors (3072K)
 Metaspace       used 106216K, capacity 110090K, committed 110548K, reserved 1144832K
  class space    used 13799K, capacity 15107K, committed 15308K, reserved 1048576K
}
Event: 76.158 GC heap before
{Heap before GC invocations=29 (full 0):
 garbage-first heap   total 266240K, used 192498K [0x0000000080000000, 0x0000000100000000)
  region size 1024K, 19 young (19456K), 3 survivors (3072K)
 Metaspace       used 107856K, capacity 111799K, committed 112084K, reserved 1146880K
  class space    used 14009K, capacity 15369K, committed 15564K, reserved 1048576K
}
Event: 76.164 GC heap after
{Heap after GC invocations=30 (full 0):
 garbage-first heap   total 266240K, used 137265K [0x0000000080000000, 0x0000000100000000)
  region size 1024K, 2 young (2048K), 2 survivors (2048K)
 Metaspace       used 107856K, capacity 111799K, committed 112084K, reserved 1146880K
  class space    used 14009K, capacity 15369K, committed 15564K, reserved 1048576K
}
Event: 76.371 GC heap before
{Heap before GC invocations=30 (full 0):
 garbage-first heap   total 266240K, used 154673K [0x0000000080000000, 0x0000000100000000)
  region size 1024K, 21 young (21504K), 2 survivors (2048K)
 Metaspace       used 108140K, capacity 112036K, committed 112340K, reserved 1146880K
  class space    used 14049K, capacity 15404K, committed 15564K, reserved 1048576K
}
Event: 76.378 GC heap after
{Heap after GC invocations=31 (full 0):
 garbage-first heap   total 266240K, used 137587K [0x0000000080000000, 0x0000000100000000)
  region size 1024K, 2 young (2048K), 2 survivors (2048K)
 Metaspace       used 108140K, capacity 112036K, committed 112340K, reserved 1146880K
  class space    used 14049K, capacity 15404K, committed 15564K, reserved 1048576K
}
Event: 76.955 GC heap before
{Heap before GC invocations=32 (full 0):
 garbage-first heap   total 284672K, used 284019K [0x0000000080000000, 0x0000000100000000)
  region size 1024K, 4 young (4096K), 2 survivors (2048K)
 Metaspace       used 108246K, capacity 112155K, committed 112340K, reserved 1146880K
  class space    used 14068K, capacity 15445K, committed 15564K, reserved 1048576K
}
Event: 76.958 GC heap after
{Heap after GC invocations=33 (full 0):
 garbage-first heap   total 286720K, used 137398K [0x0000000080000000, 0x0000000100000000)
  region size 1024K, 2 young (2048K), 2 survivors (2048K)
 Metaspace       used 108246K, capacity 112155K, committed 112340K, reserved 1146880K
  class space    used 14068K, capacity 15445K, committed 15564K, reserved 1048576K
}
Event: 165.913 GC heap before
{Heap before GC invocations=33 (full 0):
 garbage-first heap   total 286720K, used 202934K [0x0000000080000000, 0x0000000100000000)
  region size 1024K, 67 young (68608K), 2 survivors (2048K)
 Metaspace       used 109017K, capacity 113033K, committed 113108K, reserved 1146880K
  class space    used 14154K, capacity 15548K, committed 15564K, reserved 1048576K
}
Event: 165.925 GC heap after
{Heap after GC invocations=34 (full 0):
 garbage-first heap   total 286720K, used 141251K [0x0000000080000000, 0x0000000100000000)
  region size 1024K, 5 young (5120K), 5 survivors (5120K)
 Metaspace       used 109017K, capacity 113033K, committed 113108K, reserved 1146880K
  class space    used 14154K, capacity 15548K, committed 15564K, reserved 1048576K
}
Event: 166.776 GC heap before
{Heap before GC invocations=35 (full 0):
 garbage-first heap   total 286720K, used 211907K [0x0000000080000000, 0x0000000100000000)
  region size 1024K, 74 young (75776K), 5 survivors (5120K)
 Metaspace       used 109687K, capacity 113887K, committed 114004K, reserved 1148928K
  class space    used 14187K, capacity 15609K, committed 15692K, reserved 1048576K
}
Event: 166.796 GC heap after
{Heap after GC invocations=36 (full 0):
 garbage-first heap   total 286720K, used 155812K [0x0000000080000000, 0x0000000100000000)
  region size 1024K, 10 young (10240K), 10 survivors (10240K)
 Metaspace       used 109687K, capacity 113887K, committed 114004K, reserved 1148928K
  class space    used 14187K, capacity 15609K, committed 15692K, reserved 1048576K
}

