# JRE version: OpenJDK Runtime Environment (11.0.13) (build 11.0.13+0-b1751.21-8125866)
# Java VM: OpenJDK 64-Bit Server VM (11.0.13+0-b1751.21-8125866, mixed mode, tiered, compressed oops, g1 gc, windows-amd64)
Heap:
 garbage-first heap   total 466944K, used 186767K [0x0000000080000000, 0x0000000100000000)
  region size 1024K, 46 young (47104K), 19 survivors (19456K)
 Metaspace       used 113131K, capacity 117706K, committed 117892K, reserved 1150976K
  class space    used 14377K, capacity 15907K, committed 16000K, reserved 1048576K
GC Heap History (20 events):
Event: 9003.803 GC heap before
{Heap before GC invocations=47 (full 0):
 garbage-first heap   total 349184K, used 264095K [0x0000000080000000, 0x0000000100000000)
  region size 1024K, 105 young (107520K), 1 survivors (1024K)
 Metaspace       used 111694K, capacity 116028K, committed 116100K, reserved 1150976K
  class space    used 14274K, capacity 15720K, committed 15744K, reserved 1048576K
}
Event: 9003.806 GC heap after
{Heap after GC invocations=48 (full 0):
 garbage-first heap   total 349184K, used 138279K [0x0000000080000000, 0x0000000100000000)
  region size 1024K, 1 young (1024K), 1 survivors (1024K)
 Metaspace       used 111694K, capacity 116028K, committed 116100K, reserved 1150976K
  class space    used 14274K, capacity 15720K, committed 15744K, reserved 1048576K
}
Event: 9477.988 GC heap before
{Heap before GC invocations=48 (full 0):
 garbage-first heap   total 349184K, used 154663K [0x0000000080000000, 0x0000000100000000)
  region size 1024K, 17 young (17408K), 1 survivors (1024K)
 Metaspace       used 111694K, capacity 116028K, committed 116100K, reserved 1150976K
  class space    used 14274K, capacity 15720K, committed 15744K, reserved 1048576K
}
Event: 9477.991 GC heap after
{Heap after GC invocations=49 (full 0):
 garbage-first heap   total 349184K, used 136324K [0x0000000080000000, 0x0000000100000000)
  region size 1024K, 1 young (1024K), 1 survivors (1024K)
 Metaspace       used 111694K, capacity 116028K, committed 116100K, reserved 1150976K
  class space    used 14274K, capacity 15720K, committed 15744K, reserved 1048576K
}
Event: 12967.982 GC heap before
{Heap before GC invocations=49 (full 0):
 garbage-first heap   total 349184K, used 256132K [0x0000000080000000, 0x0000000100000000)
  region size 1024K, 118 young (120832K), 1 survivors (1024K)
 Metaspace       used 111694K, capacity 116028K, committed 116100K, reserved 1150976K
  class space    used 14274K, capacity 15720K, committed 15744K, reserved 1048576K
}
Event: 12967.988 GC heap after
{Heap after GC invocations=50 (full 0):
 garbage-first heap   total 349184K, used 136267K [0x0000000080000000, 0x0000000100000000)
  region size 1024K, 1 young (1024K), 1 survivors (1024K)
 Metaspace       used 111694K, capacity 116028K, committed 116100K, reserved 1150976K
  class space    used 14274K, capacity 15720K, committed 15744K, reserved 1048576K
}
Event: 14577.375 GC heap before
{Heap before GC invocations=50 (full 0):
 garbage-first heap   total 349184K, used 262219K [0x0000000080000000, 0x0000000100000000)
  region size 1024K, 124 young (126976K), 1 survivors (1024K)
 Metaspace       used 111987K, capacity 116301K, committed 116484K, reserved 1150976K
  class space    used 14299K, capacity 15765K, committed 15872K, reserved 1048576K
}
Event: 14577.407 GC heap after
{Heap after GC invocations=51 (full 0):
 garbage-first heap   total 349184K, used 142522K [0x0000000080000000, 0x0000000100000000)
  region size 1024K, 7 young (7168K), 7 survivors (7168K)
 Metaspace       used 111987K, capacity 116301K, committed 116484K, reserved 1150976K
  class space    used 14299K, capacity 15765K, committed 15872K, reserved 1048576K
}
Event: 14592.100 GC heap before
{Heap before GC invocations=52 (full 0):
 garbage-first heap   total 349184K, used 267450K [0x0000000080000000, 0x0000000100000000)
  region size 1024K, 130 young (133120K), 7 survivors (7168K)
 Metaspace       used 112410K, capacity 116892K, committed 116996K, reserved 1150976K
  class space    used 14347K, capacity 15851K, committed 15872K, reserved 1048576K
}
Event: 14592.132 GC heap after
{Heap after GC invocations=53 (full 0):
 garbage-first heap   total 349184K, used 159821K [0x0000000080000000, 0x0000000100000000)
  region size 1024K, 17 young (17408K), 17 survivors (17408K)
 Metaspace       used 112410K, capacity 116892K, committed 116996K, reserved 1150976K
  class space    used 14347K, capacity 15851K, committed 15872K, reserved 1048576K
}
Event: 14592.137 GC heap before
{Heap before GC invocations=53 (full 0):
 garbage-first heap   total 349184K, used 160845K [0x0000000080000000, 0x0000000100000000)
  region size 1024K, 18 young (18432K), 17 survivors (17408K)
 Metaspace       used 112414K, capacity 116893K, committed 116996K, reserved 1150976K
  class space    used 14347K, capacity 15851K, committed 15872K, reserved 1048576K
}
Event: 14592.166 GC heap after
{Heap after GC invocations=54 (full 0):
 garbage-first heap   total 349184K, used 156750K [0x0000000080000000, 0x0000000100000000)
  region size 1024K, 3 young (3072K), 3 survivors (3072K)
 Metaspace       used 112414K, capacity 116893K, committed 116996K, reserved 1150976K
  class space    used 14347K, capacity 15851K, committed 15872K, reserved 1048576K
}
Event: 14592.497 GC heap before
{Heap before GC invocations=54 (full 0):
 garbage-first heap   total 349184K, used 191566K [0x0000000080000000, 0x0000000100000000)
  region size 1024K, 38 young (38912K), 3 survivors (3072K)
 Metaspace       used 112649K, capacity 117141K, committed 117380K, reserved 1150976K
  class space    used 14361K, capacity 15877K, committed 16000K, reserved 1048576K
}
Event: 14592.508 GC heap after
{Heap after GC invocations=55 (full 0):
 garbage-first heap   total 349184K, used 158554K [0x0000000080000000, 0x0000000100000000)
  region size 1024K, 5 young (5120K), 5 survivors (5120K)
 Metaspace       used 112649K, capacity 117141K, committed 117380K, reserved 1150976K
  class space    used 14361K, capacity 15877K, committed 16000K, reserved 1048576K
}
Event: 14594.986 GC heap before
{Heap before GC invocations=56 (full 0):
 garbage-first heap   total 459776K, used 457562K [0x0000000080000000, 0x0000000100000000)
  region size 1024K, 75 young (76800K), 5 survivors (5120K)
 Metaspace       used 112838K, capacity 117328K, committed 117636K, reserved 1150976K
  class space    used 14373K, capacity 15899K, committed 16000K, reserved 1048576K
}
Event: 14594.994 GC heap after
{Heap after GC invocations=57 (full 0):
 garbage-first heap   total 466944K, used 160060K [0x0000000080000000, 0x0000000100000000)
  region size 1024K, 7 young (7168K), 7 survivors (7168K)
 Metaspace       used 112838K, capacity 117328K, committed 117636K, reserved 1150976K
  class space    used 14373K, capacity 15899K, committed 16000K, reserved 1048576K
}
Event: 14837.805 GC heap before
{Heap before GC invocations=57 (full 0):
 garbage-first heap   total 466944K, used 175420K [0x0000000080000000, 0x0000000100000000)
  region size 1024K, 22 young (22528K), 7 survivors (7168K)
 Metaspace       used 112857K, capacity 117340K, committed 117636K, reserved 1150976K
  class space    used 14374K, capacity 15901K, committed 16000K, reserved 1048576K
}
Event: 14837.816 GC heap after
{Heap after GC invocations=58 (full 0):
 garbage-first heap   total 466944K, used 142540K [0x0000000080000000, 0x0000000100000000)
  region size 1024K, 2 young (2048K), 2 survivors (2048K)
 Metaspace       used 112857K, capacity 117340K, committed 117636K, reserved 1150976K
  class space    used 14374K, capacity 15901K, committed 16000K, reserved 1048576K
}
Event: 16718.764 GC heap before
{Heap before GC invocations=58 (full 0):
 garbage-first heap   total 466944K, used 330956K [0x0000000080000000, 0x0000000100000000)
  region size 1024K, 187 young (191488K), 2 survivors (2048K)
 Metaspace       used 113094K, capacity 117626K, committed 117892K, reserved 1150976K
  class space    used 14377K, capacity 15907K, committed 16000K, reserved 1048576K
}
Event: 16718.791 GC heap after
{Heap after GC invocations=59 (full 0):
 garbage-first heap   total 466944K, used 160143K [0x0000000080000000, 0x0000000100000000)
  region size 1024K, 19 young (19456K), 19 survivors (19456K)
 Metaspace       used 113094K, capacity 117626K, committed 117892K, reserved 1150976K
  class space    used 14377K, capacity 15907K, committed 16000K, reserved 1048576K
}

